p/drawing(99).png 1 0 0 28 28
p/drawing(98).png 1 0 0 28 28
p/drawing(97).png 1 0 0 28 28
p/drawing(96).png 1 0 0 28 28
p/drawing(95).png 1 0 0 28 28
p/drawing(94).png 1 0 0 28 28
p/drawing(93).png 1 0 0 28 28
p/drawing(92).png 1 0 0 28 28
p/drawing(91).png 1 0 0 28 28
p/drawing(90).png 1 0 0 28 28
p/drawing(9).png 1 0 0 28 28
p/drawing(89).png 1 0 0 28 28
p/drawing(88).png 1 0 0 28 28
p/drawing(87).png 1 0 0 28 28
p/drawing(86).png 1 0 0 28 28
p/drawing(85).png 1 0 0 28 28
p/drawing(84).png 1 0 0 28 28
p/drawing(83).png 1 0 0 28 28
p/drawing(82).png 1 0 0 28 28
p/drawing(81).png 1 0 0 28 28
p/drawing(80).png 1 0 0 28 28
p/drawing(8).png 1 0 0 28 28
p/drawing(79).png 1 0 0 28 28
p/drawing(78).png 1 0 0 28 28
p/drawing(77).png 1 0 0 28 28
p/drawing(76).png 1 0 0 28 28
p/drawing(75).png 1 0 0 28 28
p/drawing(74).png 1 0 0 28 28
p/drawing(73).png 1 0 0 28 28
p/drawing(72).png 1 0 0 28 28
p/drawing(71).png 1 0 0 28 28
p/drawing(70).png 1 0 0 28 28
p/drawing(7).png 1 0 0 28 28
p/drawing(69).png 1 0 0 28 28
p/drawing(68).png 1 0 0 28 28
p/drawing(67).png 1 0 0 28 28
p/drawing(66).png 1 0 0 28 28
p/drawing(65).png 1 0 0 28 28
p/drawing(64).png 1 0 0 28 28
p/drawing(63).png 1 0 0 28 28
p/drawing(62).png 1 0 0 28 28
p/drawing(61).png 1 0 0 28 28
p/drawing(60).png 1 0 0 28 28
p/drawing(6).png 1 0 0 28 28
p/drawing(59).png 1 0 0 28 28
p/drawing(58).png 1 0 0 28 28
p/drawing(57).png 1 0 0 28 28
p/drawing(56).png 1 0 0 28 28
p/drawing(55).png 1 0 0 28 28
p/drawing(54).png 1 0 0 28 28
p/drawing(53).png 1 0 0 28 28
p/drawing(52).png 1 0 0 28 28
p/drawing(51).png 1 0 0 28 28
p/drawing(50).png 1 0 0 28 28
p/drawing(5).png 1 0 0 28 28
p/drawing(49).png 1 0 0 28 28
p/drawing(48).png 1 0 0 28 28
p/drawing(47).png 1 0 0 28 28
p/drawing(46).png 1 0 0 28 28
p/drawing(45).png 1 0 0 28 28
p/drawing(44).png 1 0 0 28 28
p/drawing(43).png 1 0 0 28 28
p/drawing(42).png 1 0 0 28 28
p/drawing(41).png 1 0 0 28 28
p/drawing(40).png 1 0 0 28 28
p/drawing(4).png 1 0 0 28 28
p/drawing(39).png 1 0 0 28 28
p/drawing(38).png 1 0 0 28 28
p/drawing(37).png 1 0 0 28 28
p/drawing(36).png 1 0 0 28 28
p/drawing(35).png 1 0 0 28 28
p/drawing(34).png 1 0 0 28 28
p/drawing(33).png 1 0 0 28 28
p/drawing(32).png 1 0 0 28 28
p/drawing(31).png 1 0 0 28 28
p/drawing(30).png 1 0 0 28 28
p/drawing(3).png 1 0 0 28 28
p/drawing(29).png 1 0 0 28 28
p/drawing(28).png 1 0 0 28 28
p/drawing(27).png 1 0 0 28 28
p/drawing(26).png 1 0 0 28 28
p/drawing(25).png 1 0 0 28 28
p/drawing(24).png 1 0 0 28 28
p/drawing(23).png 1 0 0 28 28
p/drawing(22).png 1 0 0 28 28
p/drawing(21).png 1 0 0 28 28
p/drawing(20).png 1 0 0 28 28
p/drawing(2).png 1 0 0 28 28
p/drawing(19).png 1 0 0 28 28
p/drawing(18).png 1 0 0 28 28
p/drawing(17).png 1 0 0 28 28
p/drawing(16).png 1 0 0 28 28
p/drawing(15).png 1 0 0 28 28
p/drawing(14).png 1 0 0 28 28
p/drawing(13).png 1 0 0 28 28
p/drawing(12).png 1 0 0 28 28
p/drawing(11).png 1 0 0 28 28
p/drawing(100).png 1 0 0 28 28
p/drawing(10).png 1 0 0 28 28
p/drawing(1).png 1 0 0 28 28